                              1 ;--------------------------------------------------------
                              2 ; File Created by SDCC : free open source ANSI-C Compiler
                              3 ; Version 3.6.8 #9946 (Linux)
                              4 ;--------------------------------------------------------
                              5 	.module font_chars_0
                              6 	.optsdcc -mz80
                              7 	
                              8 ;--------------------------------------------------------
                              9 ; Public variables in this module
                             10 ;--------------------------------------------------------
                             11 	.globl _s_font_0
                             12 ;--------------------------------------------------------
                             13 ; special function registers
                             14 ;--------------------------------------------------------
                             15 ;--------------------------------------------------------
                             16 ; ram data
                             17 ;--------------------------------------------------------
                             18 	.area _DATA
                             19 ;--------------------------------------------------------
                             20 ; ram data
                             21 ;--------------------------------------------------------
                             22 	.area _INITIALIZED
                             23 ;--------------------------------------------------------
                             24 ; absolute external ram data
                             25 ;--------------------------------------------------------
                             26 	.area _DABS (ABS)
                             27 ;--------------------------------------------------------
                             28 ; global & static initialisations
                             29 ;--------------------------------------------------------
                             30 	.area _HOME
                             31 	.area _GSINIT
                             32 	.area _GSFINAL
                             33 	.area _GSINIT
                             34 ;--------------------------------------------------------
                             35 ; Home
                             36 ;--------------------------------------------------------
                             37 	.area _HOME
                             38 	.area _HOME
                             39 ;--------------------------------------------------------
                             40 ; code
                             41 ;--------------------------------------------------------
                             42 	.area _CODE
                             43 	.area _CODE
   0000                      44 _s_font_0:
   0000 55                   45 	.db #0x55	; 85	'U'
   0001 00                   46 	.db #0x00	; 0
   0002 55                   47 	.db #0x55	; 85	'U'
   0003 88                   48 	.db #0x88	; 136
   0004 55                   49 	.db #0x55	; 85	'U'
   0005 88                   50 	.db #0x88	; 136
   0006 55                   51 	.db #0x55	; 85	'U'
   0007 88                   52 	.db #0x88	; 136
   0008 55                   53 	.db #0x55	; 85	'U'
   0009 88                   54 	.db #0x88	; 136
   000A 00                   55 	.db #0x00	; 0
   000B 88                   56 	.db #0x88	; 136
   000C 55                   57 	.db #0x55	; 85	'U'
   000D 00                   58 	.db #0x00	; 0
   000E 00                   59 	.db #0x00	; 0
   000F 88                   60 	.db #0x88	; 136
   0010 00                   61 	.db #0x00	; 0
   0011 00                   62 	.db #0x00	; 0
   0012 00                   63 	.db #0x00	; 0
   0013 00                   64 	.db #0x00	; 0
   0014 55                   65 	.db #0x55	; 85	'U'
   0015 00                   66 	.db #0x00	; 0
   0016 AA                   67 	.db #0xaa	; 170
   0017 88                   68 	.db #0x88	; 136
   0018 EE                   69 	.db #0xee	; 238
   0019 00                   70 	.db #0x00	; 0
   001A EE                   71 	.db #0xee	; 238
   001B 00                   72 	.db #0x00	; 0
   001C EE                   73 	.db #0xee	; 238
   001D 00                   74 	.db #0x00	; 0
   001E 55                   75 	.db #0x55	; 85	'U'
   001F 00                   76 	.db #0x00	; 0
   0020 00                   77 	.db #0x00	; 0
   0021 88                   78 	.db #0x88	; 136
   0022 00                   79 	.db #0x00	; 0
   0023 00                   80 	.db #0x00	; 0
   0024 00                   81 	.db #0x00	; 0
   0025 00                   82 	.db #0x00	; 0
   0026 55                   83 	.db #0x55	; 85	'U'
   0027 00                   84 	.db #0x00	; 0
   0028 00                   85 	.db #0x00	; 0
   0029 AA                   86 	.db #0xaa	; 170
   002A 00                   87 	.db #0x00	; 0
   002B EE                   88 	.db #0xee	; 238
   002C 00                   89 	.db #0x00	; 0
   002D EE                   90 	.db #0xee	; 238
   002E 00                   91 	.db #0x00	; 0
   002F EE                   92 	.db #0xee	; 238
   0030 55                   93 	.db #0x55	; 85	'U'
   0031 44                   94 	.db #0x44	; 68	'D'
   0032 00                   95 	.db #0x00	; 0
   0033 88                   96 	.db #0x88	; 136
   0034 00                   97 	.db #0x00	; 0
   0035 00                   98 	.db #0x00	; 0
   0036 00                   99 	.db #0x00	; 0
   0037 00                  100 	.db #0x00	; 0
   0038 55                  101 	.db #0x55	; 85	'U'
   0039 00                  102 	.db #0x00	; 0
   003A AA                  103 	.db #0xaa	; 170
   003B AA                  104 	.db #0xaa	; 170
   003C 55                  105 	.db #0x55	; 85	'U'
   003D 44                  106 	.db #0x44	; 68	'D'
   003E AA                  107 	.db #0xaa	; 170
   003F AA                  108 	.db #0xaa	; 170
   0040 55                  109 	.db #0x55	; 85	'U'
   0041 44                  110 	.db #0x44	; 68	'D'
   0042 00                  111 	.db #0x00	; 0
   0043 88                  112 	.db #0x88	; 136
   0044 00                  113 	.db #0x00	; 0
   0045 00                  114 	.db #0x00	; 0
   0046 00                  115 	.db #0x00	; 0
   0047 00                  116 	.db #0x00	; 0
   0048 00                  117 	.db #0x00	; 0
   0049 00                  118 	.db #0x00	; 0
   004A 00                  119 	.db #0x00	; 0
   004B 00                  120 	.db #0x00	; 0
   004C 55                  121 	.db #0x55	; 85	'U'
   004D 00                  122 	.db #0x00	; 0
   004E FF                  123 	.db #0xff	; 255
   004F AA                  124 	.db #0xaa	; 170
   0050 55                  125 	.db #0x55	; 85	'U'
   0051 88                  126 	.db #0x88	; 136
   0052 44                  127 	.db #0x44	; 68	'D'
   0053 00                  128 	.db #0x00	; 0
   0054 00                  129 	.db #0x00	; 0
   0055 00                  130 	.db #0x00	; 0
   0056 00                  131 	.db #0x00	; 0
   0057 00                  132 	.db #0x00	; 0
   0058 00                  133 	.db #0x00	; 0
   0059 00                  134 	.db #0x00	; 0
   005A 00                  135 	.db #0x00	; 0
   005B 00                  136 	.db #0x00	; 0
   005C 00                  137 	.db #0x00	; 0
   005D 00                  138 	.db #0x00	; 0
   005E 00                  139 	.db #0x00	; 0
   005F 00                  140 	.db #0x00	; 0
   0060 00                  141 	.db #0x00	; 0
   0061 00                  142 	.db #0x00	; 0
   0062 00                  143 	.db #0x00	; 0
   0063 00                  144 	.db #0x00	; 0
   0064 55                  145 	.db #0x55	; 85	'U'
   0065 00                  146 	.db #0x00	; 0
   0066 55                  147 	.db #0x55	; 85	'U'
   0067 88                  148 	.db #0x88	; 136
   0068 AA                  149 	.db #0xaa	; 170
   0069 88                  150 	.db #0x88	; 136
   006A 44                  151 	.db #0x44	; 68	'D'
   006B 00                  152 	.db #0x00	; 0
   006C 00                  153 	.db #0x00	; 0
   006D 00                  154 	.db #0x00	; 0
   006E 00                  155 	.db #0x00	; 0
   006F 00                  156 	.db #0x00	; 0
   0070 00                  157 	.db #0x00	; 0
   0071 00                  158 	.db #0x00	; 0
   0072 00                  159 	.db #0x00	; 0
   0073 00                  160 	.db #0x00	; 0
   0074 55                  161 	.db #0x55	; 85	'U'
   0075 AA                  162 	.db #0xaa	; 170
   0076 00                  163 	.db #0x00	; 0
   0077 CC                  164 	.db #0xcc	; 204
   0078 00                  165 	.db #0x00	; 0
   0079 00                  166 	.db #0x00	; 0
   007A 00                  167 	.db #0x00	; 0
   007B 00                  168 	.db #0x00	; 0
   007C 00                  169 	.db #0x00	; 0
   007D 00                  170 	.db #0x00	; 0
   007E 00                  171 	.db #0x00	; 0
   007F 00                  172 	.db #0x00	; 0
   0080 00                  173 	.db #0x00	; 0
   0081 00                  174 	.db #0x00	; 0
   0082 00                  175 	.db #0x00	; 0
   0083 00                  176 	.db #0x00	; 0
   0084 00                  177 	.db #0x00	; 0
   0085 00                  178 	.db #0x00	; 0
   0086 00                  179 	.db #0x00	; 0
   0087 00                  180 	.db #0x00	; 0
   0088 55                  181 	.db #0x55	; 85	'U'
   0089 00                  182 	.db #0x00	; 0
   008A 55                  183 	.db #0x55	; 85	'U'
   008B 88                  184 	.db #0x88	; 136
   008C 00                  185 	.db #0x00	; 0
   008D 88                  186 	.db #0x88	; 136
   008E 00                  187 	.db #0x00	; 0
   008F 00                  188 	.db #0x00	; 0
   0090 00                  189 	.db #0x00	; 0
   0091 AA                  190 	.db #0xaa	; 170
   0092 00                  191 	.db #0x00	; 0
   0093 EE                  192 	.db #0xee	; 238
   0094 55                  193 	.db #0x55	; 85	'U'
   0095 44                  194 	.db #0x44	; 68	'D'
   0096 55                  195 	.db #0x55	; 85	'U'
   0097 88                  196 	.db #0x88	; 136
   0098 55                  197 	.db #0x55	; 85	'U'
   0099 88                  198 	.db #0x88	; 136
   009A AA                  199 	.db #0xaa	; 170
   009B 88                  200 	.db #0x88	; 136
   009C EE                  201 	.db #0xee	; 238
   009D 00                  202 	.db #0x00	; 0
   009E 44                  203 	.db #0x44	; 68	'D'
   009F 00                  204 	.db #0x00	; 0
   00A0 00                  205 	.db #0x00	; 0
   00A1 00                  206 	.db #0x00	; 0
   00A2 55                  207 	.db #0x55	; 85	'U'
   00A3 00                  208 	.db #0x00	; 0
   00A4 AA                  209 	.db #0xaa	; 170
   00A5 AA                  210 	.db #0xaa	; 170
   00A6 EE                  211 	.db #0xee	; 238
   00A7 EE                  212 	.db #0xee	; 238
   00A8 EE                  213 	.db #0xee	; 238
   00A9 EE                  214 	.db #0xee	; 238
   00AA EE                  215 	.db #0xee	; 238
   00AB EE                  216 	.db #0xee	; 238
   00AC EE                  217 	.db #0xee	; 238
   00AD EE                  218 	.db #0xee	; 238
   00AE 55                  219 	.db #0x55	; 85	'U'
   00AF 88                  220 	.db #0x88	; 136
   00B0 00                  221 	.db #0x00	; 0
   00B1 00                  222 	.db #0x00	; 0
   00B2 00                  223 	.db #0x00	; 0
   00B3 00                  224 	.db #0x00	; 0
   00B4 55                  225 	.db #0x55	; 85	'U'
   00B5 00                  226 	.db #0x00	; 0
   00B6 FF                  227 	.db #0xff	; 255
   00B7 88                  228 	.db #0x88	; 136
   00B8 55                  229 	.db #0x55	; 85	'U'
   00B9 88                  230 	.db #0x88	; 136
   00BA 55                  231 	.db #0x55	; 85	'U'
   00BB 88                  232 	.db #0x88	; 136
   00BC 55                  233 	.db #0x55	; 85	'U'
   00BD 88                  234 	.db #0x88	; 136
   00BE 55                  235 	.db #0x55	; 85	'U'
   00BF 88                  236 	.db #0x88	; 136
   00C0 FF                  237 	.db #0xff	; 255
   00C1 AA                  238 	.db #0xaa	; 170
   00C2 44                  239 	.db #0x44	; 68	'D'
   00C3 CC                  240 	.db #0xcc	; 204
   00C4 00                  241 	.db #0x00	; 0
   00C5 00                  242 	.db #0x00	; 0
   00C6 55                  243 	.db #0x55	; 85	'U'
   00C7 00                  244 	.db #0x00	; 0
   00C8 AA                  245 	.db #0xaa	; 170
   00C9 AA                  246 	.db #0xaa	; 170
   00CA 44                  247 	.db #0x44	; 68	'D'
   00CB EE                  248 	.db #0xee	; 238
   00CC 55                  249 	.db #0x55	; 85	'U'
   00CD 44                  250 	.db #0x44	; 68	'D'
   00CE AA                  251 	.db #0xaa	; 170
   00CF 88                  252 	.db #0x88	; 136
   00D0 EE                  253 	.db #0xee	; 238
   00D1 00                  254 	.db #0x00	; 0
   00D2 FF                  255 	.db #0xff	; 255
   00D3 AA                  256 	.db #0xaa	; 170
   00D4 44                  257 	.db #0x44	; 68	'D'
   00D5 CC                  258 	.db #0xcc	; 204
   00D6 00                  259 	.db #0x00	; 0
   00D7 00                  260 	.db #0x00	; 0
   00D8 55                  261 	.db #0x55	; 85	'U'
   00D9 00                  262 	.db #0x00	; 0
   00DA AA                  263 	.db #0xaa	; 170
   00DB AA                  264 	.db #0xaa	; 170
   00DC 44                  265 	.db #0x44	; 68	'D'
   00DD EE                  266 	.db #0xee	; 238
   00DE 55                  267 	.db #0x55	; 85	'U'
   00DF 44                  268 	.db #0x44	; 68	'D'
   00E0 00                  269 	.db #0x00	; 0
   00E1 AA                  270 	.db #0xaa	; 170
   00E2 AA                  271 	.db #0xaa	; 170
   00E3 EE                  272 	.db #0xee	; 238
   00E4 55                  273 	.db #0x55	; 85	'U'
   00E5 44                  274 	.db #0x44	; 68	'D'
   00E6 00                  275 	.db #0x00	; 0
   00E7 88                  276 	.db #0x88	; 136
   00E8 00                  277 	.db #0x00	; 0
   00E9 00                  278 	.db #0x00	; 0
   00EA 00                  279 	.db #0x00	; 0
   00EB AA                  280 	.db #0xaa	; 170
   00EC AA                  281 	.db #0xaa	; 170
   00ED EE                  282 	.db #0xee	; 238
   00EE AA                  283 	.db #0xaa	; 170
   00EF EE                  284 	.db #0xee	; 238
   00F0 FF                  285 	.db #0xff	; 255
   00F1 EE                  286 	.db #0xee	; 238
   00F2 44                  287 	.db #0x44	; 68	'D'
   00F3 EE                  288 	.db #0xee	; 238
   00F4 00                  289 	.db #0x00	; 0
   00F5 EE                  290 	.db #0xee	; 238
   00F6 00                  291 	.db #0x00	; 0
   00F7 EE                  292 	.db #0xee	; 238
   00F8 00                  293 	.db #0x00	; 0
   00F9 44                  294 	.db #0x44	; 68	'D'
   00FA 00                  295 	.db #0x00	; 0
   00FB 00                  296 	.db #0x00	; 0
   00FC FF                  297 	.db #0xff	; 255
   00FD AA                  298 	.db #0xaa	; 170
   00FE EE                  299 	.db #0xee	; 238
   00FF CC                  300 	.db #0xcc	; 204
   0100 EE                  301 	.db #0xee	; 238
   0101 00                  302 	.db #0x00	; 0
   0102 FF                  303 	.db #0xff	; 255
   0103 00                  304 	.db #0x00	; 0
   0104 44                  305 	.db #0x44	; 68	'D'
   0105 AA                  306 	.db #0xaa	; 170
   0106 00                  307 	.db #0x00	; 0
   0107 EE                  308 	.db #0xee	; 238
   0108 FF                  309 	.db #0xff	; 255
   0109 44                  310 	.db #0x44	; 68	'D'
   010A 44                  311 	.db #0x44	; 68	'D'
   010B 88                  312 	.db #0x88	; 136
   010C 00                  313 	.db #0x00	; 0
   010D 00                  314 	.db #0x00	; 0
   010E 55                  315 	.db #0x55	; 85	'U'
   010F 00                  316 	.db #0x00	; 0
   0110 AA                  317 	.db #0xaa	; 170
   0111 AA                  318 	.db #0xaa	; 170
   0112 EE                  319 	.db #0xee	; 238
   0113 44                  320 	.db #0x44	; 68	'D'
   0114 FF                  321 	.db #0xff	; 255
   0115 00                  322 	.db #0x00	; 0
   0116 EE                  323 	.db #0xee	; 238
   0117 AA                  324 	.db #0xaa	; 170
   0118 EE                  325 	.db #0xee	; 238
   0119 EE                  326 	.db #0xee	; 238
   011A 55                  327 	.db #0x55	; 85	'U'
   011B 44                  328 	.db #0x44	; 68	'D'
   011C 00                  329 	.db #0x00	; 0
   011D 88                  330 	.db #0x88	; 136
   011E 00                  331 	.db #0x00	; 0
   011F 00                  332 	.db #0x00	; 0
   0120 FF                  333 	.db #0xff	; 255
   0121 AA                  334 	.db #0xaa	; 170
   0122 44                  335 	.db #0x44	; 68	'D'
   0123 EE                  336 	.db #0xee	; 238
   0124 00                  337 	.db #0x00	; 0
   0125 EE                  338 	.db #0xee	; 238
   0126 55                  339 	.db #0x55	; 85	'U'
   0127 44                  340 	.db #0x44	; 68	'D'
   0128 55                  341 	.db #0x55	; 85	'U'
   0129 88                  342 	.db #0x88	; 136
   012A 55                  343 	.db #0x55	; 85	'U'
   012B 88                  344 	.db #0x88	; 136
   012C 55                  345 	.db #0x55	; 85	'U'
   012D 88                  346 	.db #0x88	; 136
   012E 00                  347 	.db #0x00	; 0
   012F 88                  348 	.db #0x88	; 136
   0130 00                  349 	.db #0x00	; 0
   0131 00                  350 	.db #0x00	; 0
   0132 55                  351 	.db #0x55	; 85	'U'
   0133 00                  352 	.db #0x00	; 0
   0134 AA                  353 	.db #0xaa	; 170
   0135 AA                  354 	.db #0xaa	; 170
   0136 EE                  355 	.db #0xee	; 238
   0137 EE                  356 	.db #0xee	; 238
   0138 55                  357 	.db #0x55	; 85	'U'
   0139 44                  358 	.db #0x44	; 68	'D'
   013A AA                  359 	.db #0xaa	; 170
   013B AA                  360 	.db #0xaa	; 170
   013C EE                  361 	.db #0xee	; 238
   013D EE                  362 	.db #0xee	; 238
   013E 55                  363 	.db #0x55	; 85	'U'
   013F 44                  364 	.db #0x44	; 68	'D'
   0140 00                  365 	.db #0x00	; 0
   0141 88                  366 	.db #0x88	; 136
   0142 00                  367 	.db #0x00	; 0
   0143 00                  368 	.db #0x00	; 0
   0144 55                  369 	.db #0x55	; 85	'U'
   0145 00                  370 	.db #0x00	; 0
   0146 AA                  371 	.db #0xaa	; 170
   0147 AA                  372 	.db #0xaa	; 170
   0148 EE                  373 	.db #0xee	; 238
   0149 EE                  374 	.db #0xee	; 238
   014A 55                  375 	.db #0x55	; 85	'U'
   014B EE                  376 	.db #0xee	; 238
   014C 00                  377 	.db #0x00	; 0
   014D EE                  378 	.db #0xee	; 238
   014E 00                  379 	.db #0x00	; 0
   014F EE                  380 	.db #0xee	; 238
   0150 55                  381 	.db #0x55	; 85	'U'
   0151 44                  382 	.db #0x44	; 68	'D'
   0152 00                  383 	.db #0x00	; 0
   0153 88                  384 	.db #0x88	; 136
   0154 00                  385 	.db #0x00	; 0
   0155 00                  386 	.db #0x00	; 0
   0156 55                  387 	.db #0x55	; 85	'U'
   0157 00                  388 	.db #0x00	; 0
   0158 AA                  389 	.db #0xaa	; 170
   0159 AA                  390 	.db #0xaa	; 170
   015A 44                  391 	.db #0x44	; 68	'D'
   015B EE                  392 	.db #0xee	; 238
   015C 55                  393 	.db #0x55	; 85	'U'
   015D 44                  394 	.db #0x44	; 68	'D'
   015E 55                  395 	.db #0x55	; 85	'U'
   015F 88                  396 	.db #0x88	; 136
   0160 00                  397 	.db #0x00	; 0
   0161 88                  398 	.db #0x88	; 136
   0162 55                  399 	.db #0x55	; 85	'U'
   0163 00                  400 	.db #0x00	; 0
   0164 00                  401 	.db #0x00	; 0
   0165 88                  402 	.db #0x88	; 136
   0166 00                  403 	.db #0x00	; 0
   0167 00                  404 	.db #0x00	; 0
   0168 00                  405 	.db #0x00	; 0
   0169 00                  406 	.db #0x00	; 0
   016A 55                  407 	.db #0x55	; 85	'U'
   016B AA                  408 	.db #0xaa	; 170
   016C AA                  409 	.db #0xaa	; 170
   016D DD                  410 	.db #0xdd	; 221
   016E 55                  411 	.db #0x55	; 85	'U'
   016F AA                  412 	.db #0xaa	; 170
   0170 55                  413 	.db #0x55	; 85	'U'
   0171 CC                  414 	.db #0xcc	; 204
   0172 55                  415 	.db #0x55	; 85	'U'
   0173 AA                  416 	.db #0xaa	; 170
   0174 AA                  417 	.db #0xaa	; 170
   0175 DD                  418 	.db #0xdd	; 221
   0176 55                  419 	.db #0x55	; 85	'U'
   0177 AA                  420 	.db #0xaa	; 170
   0178 00                  421 	.db #0x00	; 0
   0179 CC                  422 	.db #0xcc	; 204
   017A 55                  423 	.db #0x55	; 85	'U'
   017B 00                  424 	.db #0x00	; 0
   017C AA                  425 	.db #0xaa	; 170
   017D AA                  426 	.db #0xaa	; 170
   017E EE                  427 	.db #0xee	; 238
   017F EE                  428 	.db #0xee	; 238
   0180 FF                  429 	.db #0xff	; 255
   0181 EE                  430 	.db #0xee	; 238
   0182 EE                  431 	.db #0xee	; 238
   0183 EE                  432 	.db #0xee	; 238
   0184 EE                  433 	.db #0xee	; 238
   0185 EE                  434 	.db #0xee	; 238
   0186 EE                  435 	.db #0xee	; 238
   0187 EE                  436 	.db #0xee	; 238
   0188 44                  437 	.db #0x44	; 68	'D'
   0189 44                  438 	.db #0x44	; 68	'D'
   018A 00                  439 	.db #0x00	; 0
   018B 00                  440 	.db #0x00	; 0
   018C FF                  441 	.db #0xff	; 255
   018D 00                  442 	.db #0x00	; 0
   018E EE                  443 	.db #0xee	; 238
   018F AA                  444 	.db #0xaa	; 170
   0190 EE                  445 	.db #0xee	; 238
   0191 EE                  446 	.db #0xee	; 238
   0192 FF                  447 	.db #0xff	; 255
   0193 44                  448 	.db #0x44	; 68	'D'
   0194 EE                  449 	.db #0xee	; 238
   0195 AA                  450 	.db #0xaa	; 170
   0196 EE                  451 	.db #0xee	; 238
   0197 EE                  452 	.db #0xee	; 238
   0198 FF                  453 	.db #0xff	; 255
   0199 EE                  454 	.db #0xee	; 238
   019A 44                  455 	.db #0x44	; 68	'D'
   019B CC                  456 	.db #0xcc	; 204
   019C 00                  457 	.db #0x00	; 0
   019D 00                  458 	.db #0x00	; 0
   019E 55                  459 	.db #0x55	; 85	'U'
   019F 00                  460 	.db #0x00	; 0
   01A0 AA                  461 	.db #0xaa	; 170
   01A1 AA                  462 	.db #0xaa	; 170
   01A2 EE                  463 	.db #0xee	; 238
   01A3 44                  464 	.db #0x44	; 68	'D'
   01A4 EE                  465 	.db #0xee	; 238
   01A5 00                  466 	.db #0x00	; 0
   01A6 EE                  467 	.db #0xee	; 238
   01A7 00                  468 	.db #0x00	; 0
   01A8 EE                  469 	.db #0xee	; 238
   01A9 AA                  470 	.db #0xaa	; 170
   01AA 55                  471 	.db #0x55	; 85	'U'
   01AB 44                  472 	.db #0x44	; 68	'D'
   01AC 00                  473 	.db #0x00	; 0
   01AD 88                  474 	.db #0x88	; 136
   01AE 00                  475 	.db #0x00	; 0
   01AF 00                  476 	.db #0x00	; 0
   01B0 FF                  477 	.db #0xff	; 255
   01B1 00                  478 	.db #0x00	; 0
   01B2 EE                  479 	.db #0xee	; 238
   01B3 AA                  480 	.db #0xaa	; 170
   01B4 EE                  481 	.db #0xee	; 238
   01B5 EE                  482 	.db #0xee	; 238
   01B6 EE                  483 	.db #0xee	; 238
   01B7 EE                  484 	.db #0xee	; 238
   01B8 EE                  485 	.db #0xee	; 238
   01B9 EE                  486 	.db #0xee	; 238
   01BA EE                  487 	.db #0xee	; 238
   01BB EE                  488 	.db #0xee	; 238
   01BC FF                  489 	.db #0xff	; 255
   01BD 44                  490 	.db #0x44	; 68	'D'
   01BE 44                  491 	.db #0x44	; 68	'D'
   01BF 88                  492 	.db #0x88	; 136
   01C0 00                  493 	.db #0x00	; 0
   01C1 00                  494 	.db #0x00	; 0
   01C2 FF                  495 	.db #0xff	; 255
   01C3 AA                  496 	.db #0xaa	; 170
   01C4 EE                  497 	.db #0xee	; 238
   01C5 CC                  498 	.db #0xcc	; 204
   01C6 EE                  499 	.db #0xee	; 238
   01C7 00                  500 	.db #0x00	; 0
   01C8 FF                  501 	.db #0xff	; 255
   01C9 00                  502 	.db #0x00	; 0
   01CA EE                  503 	.db #0xee	; 238
   01CB 88                  504 	.db #0x88	; 136
   01CC EE                  505 	.db #0xee	; 238
   01CD 00                  506 	.db #0x00	; 0
   01CE FF                  507 	.db #0xff	; 255
   01CF AA                  508 	.db #0xaa	; 170
   01D0 44                  509 	.db #0x44	; 68	'D'
   01D1 CC                  510 	.db #0xcc	; 204
   01D2 00                  511 	.db #0x00	; 0
   01D3 00                  512 	.db #0x00	; 0
   01D4 FF                  513 	.db #0xff	; 255
   01D5 AA                  514 	.db #0xaa	; 170
   01D6 EE                  515 	.db #0xee	; 238
   01D7 CC                  516 	.db #0xcc	; 204
   01D8 EE                  517 	.db #0xee	; 238
   01D9 00                  518 	.db #0x00	; 0
   01DA FF                  519 	.db #0xff	; 255
   01DB 00                  520 	.db #0x00	; 0
   01DC EE                  521 	.db #0xee	; 238
   01DD 88                  522 	.db #0x88	; 136
   01DE EE                  523 	.db #0xee	; 238
   01DF 00                  524 	.db #0x00	; 0
   01E0 EE                  525 	.db #0xee	; 238
   01E1 00                  526 	.db #0x00	; 0
   01E2 44                  527 	.db #0x44	; 68	'D'
   01E3 00                  528 	.db #0x00	; 0
   01E4 00                  529 	.db #0x00	; 0
   01E5 00                  530 	.db #0x00	; 0
   01E6 55                  531 	.db #0x55	; 85	'U'
   01E7 AA                  532 	.db #0xaa	; 170
   01E8 AA                  533 	.db #0xaa	; 170
   01E9 CC                  534 	.db #0xcc	; 204
   01EA EE                  535 	.db #0xee	; 238
   01EB 00                  536 	.db #0x00	; 0
   01EC EE                  537 	.db #0xee	; 238
   01ED 00                  538 	.db #0x00	; 0
   01EE EE                  539 	.db #0xee	; 238
   01EF AA                  540 	.db #0xaa	; 170
   01F0 EE                  541 	.db #0xee	; 238
   01F1 EE                  542 	.db #0xee	; 238
   01F2 55                  543 	.db #0x55	; 85	'U'
   01F3 EE                  544 	.db #0xee	; 238
   01F4 00                  545 	.db #0x00	; 0
   01F5 CC                  546 	.db #0xcc	; 204
   01F6 00                  547 	.db #0x00	; 0
   01F7 00                  548 	.db #0x00	; 0
   01F8 AA                  549 	.db #0xaa	; 170
   01F9 AA                  550 	.db #0xaa	; 170
   01FA EE                  551 	.db #0xee	; 238
   01FB EE                  552 	.db #0xee	; 238
   01FC EE                  553 	.db #0xee	; 238
   01FD EE                  554 	.db #0xee	; 238
   01FE FF                  555 	.db #0xff	; 255
   01FF EE                  556 	.db #0xee	; 238
   0200 EE                  557 	.db #0xee	; 238
   0201 EE                  558 	.db #0xee	; 238
   0202 EE                  559 	.db #0xee	; 238
   0203 EE                  560 	.db #0xee	; 238
   0204 EE                  561 	.db #0xee	; 238
   0205 EE                  562 	.db #0xee	; 238
   0206 44                  563 	.db #0x44	; 68	'D'
   0207 44                  564 	.db #0x44	; 68	'D'
   0208 00                  565 	.db #0x00	; 0
   0209 00                  566 	.db #0x00	; 0
   020A FF                  567 	.db #0xff	; 255
   020B AA                  568 	.db #0xaa	; 170
   020C 55                  569 	.db #0x55	; 85	'U'
   020D CC                  570 	.db #0xcc	; 204
   020E 55                  571 	.db #0x55	; 85	'U'
   020F 88                  572 	.db #0x88	; 136
   0210 55                  573 	.db #0x55	; 85	'U'
   0211 88                  574 	.db #0x88	; 136
   0212 55                  575 	.db #0x55	; 85	'U'
   0213 88                  576 	.db #0x88	; 136
   0214 55                  577 	.db #0x55	; 85	'U'
   0215 88                  578 	.db #0x88	; 136
   0216 FF                  579 	.db #0xff	; 255
   0217 AA                  580 	.db #0xaa	; 170
   0218 44                  581 	.db #0x44	; 68	'D'
   0219 CC                  582 	.db #0xcc	; 204
   021A 00                  583 	.db #0x00	; 0
   021B 00                  584 	.db #0x00	; 0
   021C 55                  585 	.db #0x55	; 85	'U'
   021D AA                  586 	.db #0xaa	; 170
   021E 00                  587 	.db #0x00	; 0
   021F EE                  588 	.db #0xee	; 238
   0220 00                  589 	.db #0x00	; 0
   0221 EE                  590 	.db #0xee	; 238
   0222 00                  591 	.db #0x00	; 0
   0223 EE                  592 	.db #0xee	; 238
   0224 AA                  593 	.db #0xaa	; 170
   0225 EE                  594 	.db #0xee	; 238
   0226 EE                  595 	.db #0xee	; 238
   0227 EE                  596 	.db #0xee	; 238
   0228 55                  597 	.db #0x55	; 85	'U'
   0229 44                  598 	.db #0x44	; 68	'D'
   022A 00                  599 	.db #0x00	; 0
   022B 88                  600 	.db #0x88	; 136
   022C 00                  601 	.db #0x00	; 0
   022D 00                  602 	.db #0x00	; 0
   022E AA                  603 	.db #0xaa	; 170
   022F AA                  604 	.db #0xaa	; 170
   0230 EE                  605 	.db #0xee	; 238
   0231 EE                  606 	.db #0xee	; 238
   0232 EE                  607 	.db #0xee	; 238
   0233 EE                  608 	.db #0xee	; 238
   0234 FF                  609 	.db #0xff	; 255
   0235 44                  610 	.db #0x44	; 68	'D'
   0236 EE                  611 	.db #0xee	; 238
   0237 AA                  612 	.db #0xaa	; 170
   0238 EE                  613 	.db #0xee	; 238
   0239 EE                  614 	.db #0xee	; 238
   023A EE                  615 	.db #0xee	; 238
   023B EE                  616 	.db #0xee	; 238
   023C 44                  617 	.db #0x44	; 68	'D'
   023D 44                  618 	.db #0x44	; 68	'D'
   023E 00                  619 	.db #0x00	; 0
   023F 00                  620 	.db #0x00	; 0
   0240 AA                  621 	.db #0xaa	; 170
   0241 00                  622 	.db #0x00	; 0
   0242 EE                  623 	.db #0xee	; 238
   0243 00                  624 	.db #0x00	; 0
   0244 EE                  625 	.db #0xee	; 238
   0245 00                  626 	.db #0x00	; 0
   0246 EE                  627 	.db #0xee	; 238
   0247 00                  628 	.db #0x00	; 0
   0248 EE                  629 	.db #0xee	; 238
   0249 00                  630 	.db #0x00	; 0
   024A EE                  631 	.db #0xee	; 238
   024B 00                  632 	.db #0x00	; 0
   024C FF                  633 	.db #0xff	; 255
   024D AA                  634 	.db #0xaa	; 170
   024E 44                  635 	.db #0x44	; 68	'D'
   024F CC                  636 	.db #0xcc	; 204
   0250 00                  637 	.db #0x00	; 0
   0251 00                  638 	.db #0x00	; 0
   0252 AA                  639 	.db #0xaa	; 170
   0253 AA                  640 	.db #0xaa	; 170
   0254 FF                  641 	.db #0xff	; 255
   0255 EE                  642 	.db #0xee	; 238
   0256 FF                  643 	.db #0xff	; 255
   0257 EE                  644 	.db #0xee	; 238
   0258 EE                  645 	.db #0xee	; 238
   0259 EE                  646 	.db #0xee	; 238
   025A EE                  647 	.db #0xee	; 238
   025B EE                  648 	.db #0xee	; 238
   025C EE                  649 	.db #0xee	; 238
   025D EE                  650 	.db #0xee	; 238
   025E EE                  651 	.db #0xee	; 238
   025F EE                  652 	.db #0xee	; 238
   0260 44                  653 	.db #0x44	; 68	'D'
   0261 44                  654 	.db #0x44	; 68	'D'
   0262 00                  655 	.db #0x00	; 0
   0263 00                  656 	.db #0x00	; 0
   0264 FF                  657 	.db #0xff	; 255
   0265 00                  658 	.db #0x00	; 0
   0266 EE                  659 	.db #0xee	; 238
   0267 AA                  660 	.db #0xaa	; 170
   0268 EE                  661 	.db #0xee	; 238
   0269 EE                  662 	.db #0xee	; 238
   026A EE                  663 	.db #0xee	; 238
   026B EE                  664 	.db #0xee	; 238
   026C EE                  665 	.db #0xee	; 238
   026D EE                  666 	.db #0xee	; 238
   026E EE                  667 	.db #0xee	; 238
   026F EE                  668 	.db #0xee	; 238
   0270 EE                  669 	.db #0xee	; 238
   0271 EE                  670 	.db #0xee	; 238
   0272 44                  671 	.db #0x44	; 68	'D'
   0273 44                  672 	.db #0x44	; 68	'D'
   0274 00                  673 	.db #0x00	; 0
   0275 00                  674 	.db #0x00	; 0
   0276 55                  675 	.db #0x55	; 85	'U'
   0277 00                  676 	.db #0x00	; 0
   0278 AA                  677 	.db #0xaa	; 170
   0279 AA                  678 	.db #0xaa	; 170
   027A EE                  679 	.db #0xee	; 238
   027B EE                  680 	.db #0xee	; 238
   027C EE                  681 	.db #0xee	; 238
   027D EE                  682 	.db #0xee	; 238
   027E EE                  683 	.db #0xee	; 238
   027F EE                  684 	.db #0xee	; 238
   0280 EE                  685 	.db #0xee	; 238
   0281 EE                  686 	.db #0xee	; 238
   0282 55                  687 	.db #0x55	; 85	'U'
   0283 44                  688 	.db #0x44	; 68	'D'
   0284 00                  689 	.db #0x00	; 0
   0285 88                  690 	.db #0x88	; 136
   0286 00                  691 	.db #0x00	; 0
   0287 00                  692 	.db #0x00	; 0
   0288 FF                  693 	.db #0xff	; 255
   0289 00                  694 	.db #0x00	; 0
   028A EE                  695 	.db #0xee	; 238
   028B AA                  696 	.db #0xaa	; 170
   028C EE                  697 	.db #0xee	; 238
   028D EE                  698 	.db #0xee	; 238
   028E EE                  699 	.db #0xee	; 238
   028F EE                  700 	.db #0xee	; 238
   0290 FF                  701 	.db #0xff	; 255
   0291 44                  702 	.db #0x44	; 68	'D'
   0292 EE                  703 	.db #0xee	; 238
   0293 88                  704 	.db #0x88	; 136
   0294 EE                  705 	.db #0xee	; 238
   0295 00                  706 	.db #0x00	; 0
   0296 44                  707 	.db #0x44	; 68	'D'
   0297 00                  708 	.db #0x00	; 0
   0298 00                  709 	.db #0x00	; 0
   0299 00                  710 	.db #0x00	; 0
   029A 55                  711 	.db #0x55	; 85	'U'
   029B 00                  712 	.db #0x00	; 0
   029C AA                  713 	.db #0xaa	; 170
   029D AA                  714 	.db #0xaa	; 170
   029E EE                  715 	.db #0xee	; 238
   029F EE                  716 	.db #0xee	; 238
   02A0 EE                  717 	.db #0xee	; 238
   02A1 EE                  718 	.db #0xee	; 238
   02A2 EE                  719 	.db #0xee	; 238
   02A3 EE                  720 	.db #0xee	; 238
   02A4 FF                  721 	.db #0xff	; 255
   02A5 44                  722 	.db #0x44	; 68	'D'
   02A6 55                  723 	.db #0x55	; 85	'U'
   02A7 AA                  724 	.db #0xaa	; 170
   02A8 00                  725 	.db #0x00	; 0
   02A9 CC                  726 	.db #0xcc	; 204
   02AA 00                  727 	.db #0x00	; 0
   02AB 00                  728 	.db #0x00	; 0
   02AC FF                  729 	.db #0xff	; 255
   02AD 00                  730 	.db #0x00	; 0
   02AE EE                  731 	.db #0xee	; 238
   02AF AA                  732 	.db #0xaa	; 170
   02B0 EE                  733 	.db #0xee	; 238
   02B1 EE                  734 	.db #0xee	; 238
   02B2 FF                  735 	.db #0xff	; 255
   02B3 44                  736 	.db #0x44	; 68	'D'
   02B4 EE                  737 	.db #0xee	; 238
   02B5 AA                  738 	.db #0xaa	; 170
   02B6 EE                  739 	.db #0xee	; 238
   02B7 EE                  740 	.db #0xee	; 238
   02B8 EE                  741 	.db #0xee	; 238
   02B9 EE                  742 	.db #0xee	; 238
   02BA 44                  743 	.db #0x44	; 68	'D'
   02BB 44                  744 	.db #0x44	; 68	'D'
   02BC 00                  745 	.db #0x00	; 0
   02BD 00                  746 	.db #0x00	; 0
   02BE 55                  747 	.db #0x55	; 85	'U'
   02BF AA                  748 	.db #0xaa	; 170
   02C0 AA                  749 	.db #0xaa	; 170
   02C1 CC                  750 	.db #0xcc	; 204
   02C2 EE                  751 	.db #0xee	; 238
   02C3 00                  752 	.db #0x00	; 0
   02C4 FF                  753 	.db #0xff	; 255
   02C5 00                  754 	.db #0x00	; 0
   02C6 44                  755 	.db #0x44	; 68	'D'
   02C7 AA                  756 	.db #0xaa	; 170
   02C8 00                  757 	.db #0x00	; 0
   02C9 EE                  758 	.db #0xee	; 238
   02CA FF                  759 	.db #0xff	; 255
   02CB 44                  760 	.db #0x44	; 68	'D'
   02CC 44                  761 	.db #0x44	; 68	'D'
   02CD 88                  762 	.db #0x88	; 136
   02CE 00                  763 	.db #0x00	; 0
   02CF 00                  764 	.db #0x00	; 0
   02D0 FF                  765 	.db #0xff	; 255
   02D1 AA                  766 	.db #0xaa	; 170
   02D2 55                  767 	.db #0x55	; 85	'U'
   02D3 CC                  768 	.db #0xcc	; 204
   02D4 55                  769 	.db #0x55	; 85	'U'
   02D5 88                  770 	.db #0x88	; 136
   02D6 55                  771 	.db #0x55	; 85	'U'
   02D7 88                  772 	.db #0x88	; 136
   02D8 55                  773 	.db #0x55	; 85	'U'
   02D9 88                  774 	.db #0x88	; 136
   02DA 55                  775 	.db #0x55	; 85	'U'
   02DB 88                  776 	.db #0x88	; 136
   02DC 55                  777 	.db #0x55	; 85	'U'
   02DD 88                  778 	.db #0x88	; 136
   02DE 00                  779 	.db #0x00	; 0
   02DF 88                  780 	.db #0x88	; 136
   02E0 00                  781 	.db #0x00	; 0
   02E1 00                  782 	.db #0x00	; 0
   02E2 AA                  783 	.db #0xaa	; 170
   02E3 AA                  784 	.db #0xaa	; 170
   02E4 EE                  785 	.db #0xee	; 238
   02E5 EE                  786 	.db #0xee	; 238
   02E6 EE                  787 	.db #0xee	; 238
   02E7 EE                  788 	.db #0xee	; 238
   02E8 EE                  789 	.db #0xee	; 238
   02E9 EE                  790 	.db #0xee	; 238
   02EA EE                  791 	.db #0xee	; 238
   02EB EE                  792 	.db #0xee	; 238
   02EC EE                  793 	.db #0xee	; 238
   02ED EE                  794 	.db #0xee	; 238
   02EE 55                  795 	.db #0x55	; 85	'U'
   02EF EE                  796 	.db #0xee	; 238
   02F0 00                  797 	.db #0x00	; 0
   02F1 CC                  798 	.db #0xcc	; 204
   02F2 00                  799 	.db #0x00	; 0
   02F3 00                  800 	.db #0x00	; 0
   02F4 AA                  801 	.db #0xaa	; 170
   02F5 AA                  802 	.db #0xaa	; 170
   02F6 EE                  803 	.db #0xee	; 238
   02F7 EE                  804 	.db #0xee	; 238
   02F8 EE                  805 	.db #0xee	; 238
   02F9 EE                  806 	.db #0xee	; 238
   02FA EE                  807 	.db #0xee	; 238
   02FB EE                  808 	.db #0xee	; 238
   02FC EE                  809 	.db #0xee	; 238
   02FD EE                  810 	.db #0xee	; 238
   02FE 55                  811 	.db #0x55	; 85	'U'
   02FF 44                  812 	.db #0x44	; 68	'D'
   0300 55                  813 	.db #0x55	; 85	'U'
   0301 88                  814 	.db #0x88	; 136
   0302 00                  815 	.db #0x00	; 0
   0303 88                  816 	.db #0x88	; 136
   0304 00                  817 	.db #0x00	; 0
   0305 00                  818 	.db #0x00	; 0
   0306 AA                  819 	.db #0xaa	; 170
   0307 AA                  820 	.db #0xaa	; 170
   0308 EE                  821 	.db #0xee	; 238
   0309 EE                  822 	.db #0xee	; 238
   030A EE                  823 	.db #0xee	; 238
   030B EE                  824 	.db #0xee	; 238
   030C EE                  825 	.db #0xee	; 238
   030D EE                  826 	.db #0xee	; 238
   030E FF                  827 	.db #0xff	; 255
   030F EE                  828 	.db #0xee	; 238
   0310 FF                  829 	.db #0xff	; 255
   0311 EE                  830 	.db #0xee	; 238
   0312 EE                  831 	.db #0xee	; 238
   0313 EE                  832 	.db #0xee	; 238
   0314 44                  833 	.db #0x44	; 68	'D'
   0315 44                  834 	.db #0x44	; 68	'D'
   0316 00                  835 	.db #0x00	; 0
   0317 00                  836 	.db #0x00	; 0
   0318 AA                  837 	.db #0xaa	; 170
   0319 AA                  838 	.db #0xaa	; 170
   031A EE                  839 	.db #0xee	; 238
   031B EE                  840 	.db #0xee	; 238
   031C EE                  841 	.db #0xee	; 238
   031D EE                  842 	.db #0xee	; 238
   031E 55                  843 	.db #0x55	; 85	'U'
   031F 44                  844 	.db #0x44	; 68	'D'
   0320 EE                  845 	.db #0xee	; 238
   0321 EE                  846 	.db #0xee	; 238
   0322 EE                  847 	.db #0xee	; 238
   0323 EE                  848 	.db #0xee	; 238
   0324 EE                  849 	.db #0xee	; 238
   0325 EE                  850 	.db #0xee	; 238
   0326 44                  851 	.db #0x44	; 68	'D'
   0327 44                  852 	.db #0x44	; 68	'D'
   0328 00                  853 	.db #0x00	; 0
   0329 00                  854 	.db #0x00	; 0
   032A AA                  855 	.db #0xaa	; 170
   032B AA                  856 	.db #0xaa	; 170
   032C EE                  857 	.db #0xee	; 238
   032D EE                  858 	.db #0xee	; 238
   032E EE                  859 	.db #0xee	; 238
   032F EE                  860 	.db #0xee	; 238
   0330 FF                  861 	.db #0xff	; 255
   0331 EE                  862 	.db #0xee	; 238
   0332 55                  863 	.db #0x55	; 85	'U'
   0333 CC                  864 	.db #0xcc	; 204
   0334 55                  865 	.db #0x55	; 85	'U'
   0335 88                  866 	.db #0x88	; 136
   0336 55                  867 	.db #0x55	; 85	'U'
   0337 88                  868 	.db #0x88	; 136
   0338 00                  869 	.db #0x00	; 0
   0339 88                  870 	.db #0x88	; 136
   033A 00                  871 	.db #0x00	; 0
   033B 00                  872 	.db #0x00	; 0
   033C FF                  873 	.db #0xff	; 255
   033D AA                  874 	.db #0xaa	; 170
   033E 44                  875 	.db #0x44	; 68	'D'
   033F EE                  876 	.db #0xee	; 238
   0340 00                  877 	.db #0x00	; 0
   0341 EE                  878 	.db #0xee	; 238
   0342 55                  879 	.db #0x55	; 85	'U'
   0343 44                  880 	.db #0x44	; 68	'D'
   0344 AA                  881 	.db #0xaa	; 170
   0345 88                  882 	.db #0x88	; 136
   0346 EE                  883 	.db #0xee	; 238
   0347 00                  884 	.db #0x00	; 0
   0348 FF                  885 	.db #0xff	; 255
   0349 AA                  886 	.db #0xaa	; 170
   034A 44                  887 	.db #0x44	; 68	'D'
   034B CC                  888 	.db #0xcc	; 204
   034C 00                  889 	.db #0x00	; 0
   034D 00                  890 	.db #0x00	; 0
                            891 	.area _INITIALIZER
                            892 	.area _CABS (ABS)
