                                      1 ;--------------------------------------------------------
                                      2 ; File Created by SDCC : free open source ANSI-C Compiler
                                      3 ; Version 4.2.0 #13081 (Mac OS X ppc)
                                      4 ;--------------------------------------------------------
                                      5 	.module g_palette0
                                      6 	.optsdcc -mz80
                                      7 	
                                      8 ;--------------------------------------------------------
                                      9 ; Public variables in this module
                                     10 ;--------------------------------------------------------
                                     11 	.globl _g_palette0
                                     12 ;--------------------------------------------------------
                                     13 ; special function registers
                                     14 ;--------------------------------------------------------
                                     15 ;--------------------------------------------------------
                                     16 ; ram data
                                     17 ;--------------------------------------------------------
                                     18 	.area _DATA
                                     19 ;--------------------------------------------------------
                                     20 ; ram data
                                     21 ;--------------------------------------------------------
                                     22 	.area _INITIALIZED
                                     23 ;--------------------------------------------------------
                                     24 ; absolute external ram data
                                     25 ;--------------------------------------------------------
                                     26 	.area _DABS (ABS)
                                     27 ;--------------------------------------------------------
                                     28 ; global & static initialisations
                                     29 ;--------------------------------------------------------
                                     30 	.area _HOME
                                     31 	.area _GSINIT
                                     32 	.area _GSFINAL
                                     33 	.area _GSINIT
                                     34 ;--------------------------------------------------------
                                     35 ; Home
                                     36 ;--------------------------------------------------------
                                     37 	.area _HOME
                                     38 	.area _HOME
                                     39 ;--------------------------------------------------------
                                     40 ; code
                                     41 ;--------------------------------------------------------
                                     42 	.area _CODE
                                     43 	.area _CODE
      000000                         44 _g_palette0:
      000000 54                      45 	.db #0x54	; 84	'T'
      000001 4D                      46 	.db #0x4d	; 77	'M'
      000002 40                      47 	.db #0x40	; 64
      000003 5C                      48 	.db #0x5c	; 92
      000004 4C                      49 	.db #0x4c	; 76	'L'
      000005 4E                      50 	.db #0x4e	; 78	'N'
      000006 4A                      51 	.db #0x4a	; 74	'J'
      000007 47                      52 	.db #0x47	; 71	'G'
      000008 56                      53 	.db #0x56	; 86	'V'
      000009 5E                      54 	.db #0x5e	; 94
      00000A 53                      55 	.db #0x53	; 83	'S'
      00000B 5F                      56 	.db #0x5f	; 95
      00000C 55                      57 	.db #0x55	; 85	'U'
      00000D 58                      58 	.db #0x58	; 88	'X'
      00000E 44                      59 	.db #0x44	; 68	'D'
      00000F 4B                      60 	.db #0x4b	; 75	'K'
                                     61 	.area _INITIALIZER
                                     62 	.area _CABS (ABS)
